<?xml version="1.0" encoding="UTF-8"?>
<!-- Generated by org.testng.reporters.JUnitReportReporter -->
<testsuite skipped="0" hostname="DESKTOP-9BT599M" name="testNgannotations.TestNgannotations" tests="2" failures="0" timestamp="14 Apr 2018 12:47:57 GMT" time="0.036" errors="0">
  <testcase name="test1" time="0.016" classname="testNgannotations.TestNgannotations"/>
  <testcase name="beforesoft" time="0.020" classname="testNgannotations.TestNgannotations"/>
</testsuite> <!-- testNgannotations.TestNgannotations -->
